2019-07-20 15:27:59.951[main]DEBUG com.demo.dao.ShopDao.insertShop - ==>  Preparing: insert into tb_shop (owner_id,area_id,shop_category_id,shop_name,shop_desc,shop_addr, phone,shop_img,priority,create_time,last_edit_time,enable_status,advice) values (?,?,?,?, ?,?,?,?,?,?,? ,?,?) 
2019-07-20 15:28:00.034[main]DEBUG com.demo.dao.ShopDao.insertShop - ==> Parameters: 1(Long), 1(Integer), 1(Long), 测试的店铺1(String), Test1(String), Test1(String), test1(String), null, null, 2019-07-20 15:27:59.913(Timestamp), 2019-07-20 15:27:59.913(Timestamp), 0(Integer), 审核中(String)
2019-07-20 15:28:00.113[main]DEBUG com.demo.dao.ShopDao.insertShop - <==    Updates: 1
2019-07-20 15:28:00.170[main]DEBUG com.demo.util.ImageUtil - current relativeAddr is:\upload\item\shop\6\2019072015280021038.jpg
2019-07-20 15:28:00.170[main]DEBUG com.demo.util.ImageUtil - current complete addr is:D:\project\image\\upload\item\shop\6\2019072015280021038.jpg
2019-07-20 15:29:56.735[main]DEBUG com.demo.dao.ShopDao.insertShop - ==>  Preparing: insert into tb_shop (owner_id,area_id,shop_category_id,shop_name,shop_desc,shop_addr, phone,shop_img,priority,create_time,last_edit_time,enable_status,advice) values (?,?,?,?, ?,?,?,?,?,?,? ,?,?) 
2019-07-20 15:29:56.782[main]DEBUG com.demo.dao.ShopDao.insertShop - ==> Parameters: 1(Long), 1(Integer), 1(Long), 测试的店铺1(String), Test1(String), Test1(String), test1(String), null, null, 2019-07-20 15:29:56.711(Timestamp), 2019-07-20 15:29:56.711(Timestamp), 0(Integer), 审核中(String)
2019-07-20 15:29:56.788[main]DEBUG com.demo.dao.ShopDao.insertShop - <==    Updates: 1
2019-07-20 15:29:56.808[main]DEBUG com.demo.util.ImageUtil - current relativeAddr is:\upload\item\shop\7\2019072015295644860.jpg
2019-07-20 15:29:56.809[main]DEBUG com.demo.util.ImageUtil - current complete addr is:D:\project\image\\upload\item\shop\7\2019072015295644860.jpg
2019-07-20 15:30:41.012[main]DEBUG com.demo.dao.ShopDao.insertShop - ==>  Preparing: insert into tb_shop (owner_id,area_id,shop_category_id,shop_name,shop_desc,shop_addr, phone,shop_img,priority,create_time,last_edit_time,enable_status,advice) values (?,?,?,?, ?,?,?,?,?,?,? ,?,?) 
2019-07-20 15:30:41.331[main]DEBUG com.demo.dao.ShopDao.insertShop - ==> Parameters: 1(Long), 1(Integer), 1(Long), 测试的店铺1(String), Test1(String), Test1(String), test1(String), null, null, 2019-07-20 15:30:31.432(Timestamp), 2019-07-20 15:30:31.432(Timestamp), 0(Integer), 审核中(String)
2019-07-20 15:30:41.344[main]DEBUG com.demo.dao.ShopDao.insertShop - <==    Updates: 1
2019-07-20 15:31:09.620[main]DEBUG com.demo.util.ImageUtil - current relativeAddr is:\upload\item\shop\8\2019072015310926633.jpg
2019-07-20 15:31:09.621[main]DEBUG com.demo.util.ImageUtil - current complete addr is:D:\project\image\\upload\item\shop\8\2019072015310926633.jpg
2019-07-20 15:31:44.454[main]DEBUG com.demo.dao.ShopDao.insertShop - ==>  Preparing: insert into tb_shop (owner_id,area_id,shop_category_id,shop_name,shop_desc,shop_addr, phone,shop_img,priority,create_time,last_edit_time,enable_status,advice) values (?,?,?,?, ?,?,?,?,?,?,? ,?,?) 
2019-07-20 15:31:44.508[main]DEBUG com.demo.dao.ShopDao.insertShop - ==> Parameters: 1(Long), 1(Integer), 1(Long), 测试的店铺1(String), Test1(String), Test1(String), test1(String), null, null, 2019-07-20 15:31:43.168(Timestamp), 2019-07-20 15:31:43.168(Timestamp), 0(Integer), 审核中(String)
2019-07-20 15:31:44.515[main]DEBUG com.demo.dao.ShopDao.insertShop - <==    Updates: 1
2019-07-20 15:31:49.077[main]DEBUG com.demo.util.ImageUtil - current relativeAddr is:\upload\item\shop\9\2019072015314954689.jpg
2019-07-20 15:31:49.078[main]DEBUG com.demo.util.ImageUtil - current complete addr is:D:\project\image\\upload\item\shop\9\2019072015314954689.jpg
2019-07-20 15:34:53.081[main]DEBUG com.demo.dao.ShopDao.insertShop - ==>  Preparing: insert into tb_shop (owner_id,area_id,shop_category_id,shop_name,shop_desc,shop_addr, phone,shop_img,priority,create_time,last_edit_time,enable_status,advice) values (?,?,?,?, ?,?,?,?,?,?,? ,?,?) 
2019-07-20 15:34:53.138[main]DEBUG com.demo.dao.ShopDao.insertShop - ==> Parameters: 1(Long), 1(Integer), 1(Long), 测试的店铺1(String), Test1(String), Test1(String), test1(String), null, null, 2019-07-20 15:34:45.894(Timestamp), 2019-07-20 15:34:45.894(Timestamp), 0(Integer), 审核中(String)
2019-07-20 15:34:53.143[main]DEBUG com.demo.dao.ShopDao.insertShop - <==    Updates: 1
2019-07-20 15:34:56.878[main]DEBUG com.demo.util.ImageUtil - current relativeAddr is:\upload\item\shop\10\2019072015345683898.jpg
2019-07-20 15:34:56.879[main]DEBUG com.demo.util.ImageUtil - current complete addr is:D:\project\image\\upload\item\shop\10\2019072015345683898.jpg
2019-07-20 15:36:33.781[main]DEBUG com.demo.dao.ShopDao.insertShop - ==>  Preparing: insert into tb_shop (owner_id,area_id,shop_category_id,shop_name,shop_desc,shop_addr, phone,shop_img,priority,create_time,last_edit_time,enable_status,advice) values (?,?,?,?, ?,?,?,?,?,?,? ,?,?) 
2019-07-20 15:36:33.843[main]DEBUG com.demo.dao.ShopDao.insertShop - ==> Parameters: 1(Long), 1(Integer), 1(Long), 测试的店铺1(String), Test1(String), Test1(String), test1(String), null, null, 2019-07-20 15:36:33.755(Timestamp), 2019-07-20 15:36:33.755(Timestamp), 0(Integer), 审核中(String)
2019-07-20 15:36:33.848[main]DEBUG com.demo.dao.ShopDao.insertShop - <==    Updates: 1
2019-07-20 15:37:25.264[main]DEBUG com.demo.util.ImageUtil - current relativeAddr is:\upload\item\shop\11\2019072015364130613.jpg
2019-07-20 15:37:25.265[main]DEBUG com.demo.util.ImageUtil - current complete addr is:D:\project\image\\upload\item\shop\11\2019072015364130613.jpg
2019-07-20 15:38:00.492[main]DEBUG com.demo.dao.ShopDao.insertShop - ==>  Preparing: insert into tb_shop (owner_id,area_id,shop_category_id,shop_name,shop_desc,shop_addr, phone,shop_img,priority,create_time,last_edit_time,enable_status,advice) values (?,?,?,?, ?,?,?,?,?,?,? ,?,?) 
2019-07-20 15:38:00.557[main]DEBUG com.demo.dao.ShopDao.insertShop - ==> Parameters: 1(Long), 1(Integer), 1(Long), 测试的店铺1(String), Test1(String), Test1(String), test1(String), null, null, 2019-07-20 15:38:00.463(Timestamp), 2019-07-20 15:38:00.463(Timestamp), 0(Integer), 审核中(String)
2019-07-20 15:38:00.564[main]DEBUG com.demo.dao.ShopDao.insertShop - <==    Updates: 1
2019-07-20 15:38:03.303[main]DEBUG com.demo.util.ImageUtil - current relativeAddr is:\upload\item\shop\12\2019072015380330916.jpg
2019-07-20 15:38:03.303[main]DEBUG com.demo.util.ImageUtil - current complete addr is:E:\project\image\\upload\item\shop\12\2019072015380330916.jpg
2019-07-20 15:38:18.947[main]DEBUG com.demo.dao.ShopDao.insertShop - ==>  Preparing: insert into tb_shop (owner_id,area_id,shop_category_id,shop_name,shop_desc,shop_addr, phone,shop_img,priority,create_time,last_edit_time,enable_status,advice) values (?,?,?,?, ?,?,?,?,?,?,? ,?,?) 
2019-07-20 15:38:18.997[main]DEBUG com.demo.dao.ShopDao.insertShop - ==> Parameters: 1(Long), 1(Integer), 1(Long), 测试的店铺1(String), Test1(String), Test1(String), test1(String), null, null, 2019-07-20 15:38:18.926(Timestamp), 2019-07-20 15:38:18.926(Timestamp), 0(Integer), 审核中(String)
2019-07-20 15:38:19.001[main]DEBUG com.demo.dao.ShopDao.insertShop - <==    Updates: 1
2019-07-20 15:38:19.027[main]DEBUG com.demo.util.ImageUtil - current relativeAddr is:\upload\item\shop\13\2019072015381993368.jpg
2019-07-20 15:38:19.027[main]DEBUG com.demo.util.ImageUtil - current complete addr is:E:\project\image\\upload\item\shop\13\2019072015381993368.jpg
2019-07-20 15:38:30.748[main]DEBUG com.demo.dao.ShopDao.insertShop - ==>  Preparing: insert into tb_shop (owner_id,area_id,shop_category_id,shop_name,shop_desc,shop_addr, phone,shop_img,priority,create_time,last_edit_time,enable_status,advice) values (?,?,?,?, ?,?,?,?,?,?,? ,?,?) 
2019-07-20 15:38:30.811[main]DEBUG com.demo.dao.ShopDao.insertShop - ==> Parameters: 1(Long), 1(Integer), 1(Long), 测试的店铺1(String), Test1(String), Test1(String), test1(String), null, null, 2019-07-20 15:38:30.718(Timestamp), 2019-07-20 15:38:30.718(Timestamp), 0(Integer), 审核中(String)
2019-07-20 15:38:30.815[main]DEBUG com.demo.dao.ShopDao.insertShop - <==    Updates: 1
2019-07-20 15:39:54.065[main]DEBUG com.demo.util.ImageUtil - current relativeAddr is:\upload\item\shop\14\2019072015383849474.jpg
2019-07-20 15:40:04.925[main]DEBUG com.demo.util.ImageUtil - current complete addr is:E:\project\image\\upload\item\shop\14\2019072015383849474.jpg
2019-07-20 15:40:32.758[main]DEBUG com.demo.dao.ShopDao.insertShop - ==>  Preparing: insert into tb_shop (owner_id,area_id,shop_category_id,shop_name,shop_desc,shop_addr, phone,shop_img,priority,create_time,last_edit_time,enable_status,advice) values (?,?,?,?, ?,?,?,?,?,?,? ,?,?) 
2019-07-20 15:40:32.818[main]DEBUG com.demo.dao.ShopDao.insertShop - ==> Parameters: 1(Long), 1(Integer), 1(Long), 测试的店铺1(String), Test1(String), Test1(String), test1(String), null, null, 2019-07-20 15:40:32.73(Timestamp), 2019-07-20 15:40:32.73(Timestamp), 0(Integer), 审核中(String)
2019-07-20 15:40:32.823[main]DEBUG com.demo.dao.ShopDao.insertShop - <==    Updates: 1
2019-07-20 15:40:36.792[main]DEBUG com.demo.util.ImageUtil - current relativeAddr is:\upload\item\shop\15\2019072015403631009.jpg
2019-07-20 15:40:36.793[main]DEBUG com.demo.util.ImageUtil - current complete addr is:E:\project\image\\upload\item\shop\15\2019072015403631009.jpg
2019-07-20 15:40:50.139[main]DEBUG com.demo.dao.ShopDao.insertShop - ==>  Preparing: insert into tb_shop (owner_id,area_id,shop_category_id,shop_name,shop_desc,shop_addr, phone,shop_img,priority,create_time,last_edit_time,enable_status,advice) values (?,?,?,?, ?,?,?,?,?,?,? ,?,?) 
2019-07-20 15:40:50.211[main]DEBUG com.demo.dao.ShopDao.insertShop - ==> Parameters: 1(Long), 1(Integer), 1(Long), 测试的店铺1(String), Test1(String), Test1(String), test1(String), null, null, 2019-07-20 15:40:50.107(Timestamp), 2019-07-20 15:40:50.107(Timestamp), 0(Integer), 审核中(String)
2019-07-20 15:40:50.215[main]DEBUG com.demo.dao.ShopDao.insertShop - <==    Updates: 1
2019-07-20 15:41:00.074[main]DEBUG com.demo.util.ImageUtil - current relativeAddr is:\upload\item\shop\16\2019072015405710018.jpg
2019-07-20 15:41:02.509[main]DEBUG com.demo.util.ImageUtil - current complete addr is:E:\project\image\\upload\item\shop\16\2019072015405710018.jpg
2019-07-20 15:41:48.370[main]DEBUG com.demo.dao.ShopDao.insertShop - ==>  Preparing: insert into tb_shop (owner_id,area_id,shop_category_id,shop_name,shop_desc,shop_addr, phone,shop_img,priority,create_time,last_edit_time,enable_status,advice) values (?,?,?,?, ?,?,?,?,?,?,? ,?,?) 
2019-07-20 15:41:48.430[main]DEBUG com.demo.dao.ShopDao.insertShop - ==> Parameters: 1(Long), 1(Integer), 1(Long), 测试的店铺1(String), Test1(String), Test1(String), test1(String), null, null, 2019-07-20 15:41:48.338(Timestamp), 2019-07-20 15:41:48.338(Timestamp), 0(Integer), 审核中(String)
2019-07-20 15:41:48.434[main]DEBUG com.demo.dao.ShopDao.insertShop - <==    Updates: 1
2019-07-20 15:41:50.889[main]DEBUG com.demo.util.ImageUtil - current relativeAddr is:\upload\item\shop\17\2019072015415014167.jpg
2019-07-20 15:41:50.890[main]DEBUG com.demo.util.ImageUtil - current complete addr is:E:\project\image\\upload\item\shop\17\2019072015415014167.jpg
2019-07-20 15:44:13.806[main]DEBUG com.demo.dao.ShopDao.insertShop - ==>  Preparing: insert into tb_shop (owner_id,area_id,shop_category_id,shop_name,shop_desc,shop_addr, phone,shop_img,priority,create_time,last_edit_time,enable_status,advice) values (?,?,?,?, ?,?,?,?,?,?,? ,?,?) 
2019-07-20 15:44:13.881[main]DEBUG com.demo.dao.ShopDao.insertShop - ==> Parameters: 1(Long), 1(Integer), 1(Long), 测试的店铺1(String), Test1(String), Test1(String), test1(String), null, null, 2019-07-20 15:44:13.779(Timestamp), 2019-07-20 15:44:13.779(Timestamp), 0(Integer), 审核中(String)
2019-07-20 15:44:13.886[main]DEBUG com.demo.dao.ShopDao.insertShop - <==    Updates: 1
2019-07-20 15:44:16.304[main]DEBUG com.demo.util.ImageUtil - current relativeAddr is:\upload\item\shop\18\2019072015441686196.jpg
2019-07-20 15:44:16.305[main]DEBUG com.demo.util.ImageUtil - current complete addr is:E:\project\image\\upload\item\shop\18\2019072015441686196.jpg
2019-07-20 15:46:49.125[main]DEBUG com.demo.dao.ShopDao.insertShop - ==>  Preparing: insert into tb_shop (owner_id,area_id,shop_category_id,shop_name,shop_desc,shop_addr, phone,shop_img,priority,create_time,last_edit_time,enable_status,advice) values (?,?,?,?, ?,?,?,?,?,?,? ,?,?) 
2019-07-20 15:46:49.191[main]DEBUG com.demo.dao.ShopDao.insertShop - ==> Parameters: 1(Long), 1(Integer), 1(Long), 测试的店铺1(String), Test1(String), Test1(String), test1(String), null, null, 2019-07-20 15:46:49.097(Timestamp), 2019-07-20 15:46:49.097(Timestamp), 0(Integer), 审核中(String)
2019-07-20 15:46:49.196[main]DEBUG com.demo.dao.ShopDao.insertShop - <==    Updates: 1
2019-07-20 15:46:49.240[main]DEBUG com.demo.util.ImageUtil - current relativeAddr is:\upload\item\shop\19\2019072015464936068.jpg
2019-07-20 15:46:49.240[main]DEBUG com.demo.util.ImageUtil - current complete addr is:E:\project\image\\upload\item\shop\19\2019072015464936068.jpg
2019-07-20 15:46:50.026[main]DEBUG com.demo.dao.ShopDao.updateShop - ==>  Preparing: update tb_shop SET shop_name=?, shop_desc=?, shop_addr=?, phone=?, shop_img=?, last_edit_time=?, enable_status=?, advice=?, shop_category_id=?, area_id=? where shop_id=? 
2019-07-20 15:46:50.027[main]DEBUG com.demo.dao.ShopDao.updateShop - ==> Parameters: 测试的店铺1(String), Test1(String), Test1(String), test1(String), \upload\item\shop\19\2019072015464936068.jpg(String), 2019-07-20 15:46:49.097(Timestamp), 0(Integer), 审核中(String), 1(Long), 1(Integer), 19(Long)
2019-07-20 15:46:50.113[main]DEBUG com.demo.dao.ShopDao.updateShop - <==    Updates: 1
2019-07-20 15:47:01.511[main]DEBUG com.demo.dao.ShopDao.insertShop - ==>  Preparing: insert into tb_shop (owner_id,area_id,shop_category_id,shop_name,shop_desc,shop_addr, phone,shop_img,priority,create_time,last_edit_time,enable_status,advice) values (?,?,?,?, ?,?,?,?,?,?,? ,?,?) 
2019-07-20 15:47:01.558[main]DEBUG com.demo.dao.ShopDao.insertShop - ==> Parameters: 1(Long), 1(Integer), 1(Long), 测试的店铺1(String), Test1(String), Test1(String), test1(String), null, null, 2019-07-20 15:47:01.489(Timestamp), 2019-07-20 15:47:01.489(Timestamp), 0(Integer), 审核中(String)
2019-07-20 15:47:01.562[main]DEBUG com.demo.dao.ShopDao.insertShop - <==    Updates: 1
2019-07-20 15:47:01.582[main]DEBUG com.demo.util.ImageUtil - current relativeAddr is:\upload\item\shop\20\2019072015470128347.jpg
2019-07-20 15:47:01.583[main]DEBUG com.demo.util.ImageUtil - current complete addr is:E:\project\image\\upload\item\shop\20\2019072015470128347.jpg
2019-07-20 15:47:01.642[main]DEBUG com.demo.dao.ShopDao.updateShop - ==>  Preparing: update tb_shop SET shop_name=?, shop_desc=?, shop_addr=?, phone=?, shop_img=?, last_edit_time=?, enable_status=?, advice=?, shop_category_id=?, area_id=? where shop_id=? 
2019-07-20 15:47:01.643[main]DEBUG com.demo.dao.ShopDao.updateShop - ==> Parameters: 测试的店铺1(String), Test1(String), Test1(String), test1(String), \upload\item\shop\20\2019072015470128347.jpg(String), 2019-07-20 15:47:01.489(Timestamp), 0(Integer), 审核中(String), 1(Long), 1(Integer), 20(Long)
2019-07-20 15:47:01.644[main]DEBUG com.demo.dao.ShopDao.updateShop - <==    Updates: 1
2019-07-20 15:48:13.244[main]DEBUG com.demo.dao.ShopDao.insertShop - ==>  Preparing: insert into tb_shop (owner_id,area_id,shop_category_id,shop_name,shop_desc,shop_addr, phone,shop_img,priority,create_time,last_edit_time,enable_status,advice) values (?,?,?,?, ?,?,?,?,?,?,? ,?,?) 
2019-07-20 15:48:13.300[main]DEBUG com.demo.dao.ShopDao.insertShop - ==> Parameters: 1(Long), 1(Integer), 1(Long), 测试的店铺1(String), Test1(String), Test1(String), test1(String), null, null, 2019-07-20 15:48:13.219(Timestamp), 2019-07-20 15:48:13.219(Timestamp), 0(Integer), 审核中(String)
2019-07-20 15:48:13.305[main]DEBUG com.demo.dao.ShopDao.insertShop - <==    Updates: 1
2019-07-20 15:48:13.337[main]DEBUG com.demo.util.ImageUtil - current relativeAddr is:\upload\item\shop\21\2019072015481332267.jpg
2019-07-20 15:48:13.337[main]DEBUG com.demo.util.ImageUtil - current complete addr is:E:\project\image\\upload\item\shop\21\2019072015481332267.jpg
2019-07-20 15:52:18.685[main]DEBUG com.demo.dao.ShopDao.insertShop - ==>  Preparing: insert into tb_shop (owner_id,area_id,shop_category_id,shop_name,shop_desc,shop_addr, phone,shop_img,priority,create_time,last_edit_time,enable_status,advice) values (?,?,?,?, ?,?,?,?,?,?,? ,?,?) 
2019-07-20 15:52:18.738[main]DEBUG com.demo.dao.ShopDao.insertShop - ==> Parameters: 1(Long), 1(Integer), 1(Long), 测试的店铺1(String), Test1(String), Test1(String), test1(String), null, null, 2019-07-20 15:52:18.665(Timestamp), 2019-07-20 15:52:18.665(Timestamp), 0(Integer), 审核中(String)
2019-07-20 15:52:18.742[main]DEBUG com.demo.dao.ShopDao.insertShop - <==    Updates: 1
2019-07-20 15:52:18.763[main]DEBUG com.demo.util.ImageUtil - current relativeAddr is:\upload\item\shop\22\2019072015521815827.jpg
2019-07-20 15:52:18.763[main]DEBUG com.demo.util.ImageUtil - current complete addr is:E:\project\image\\upload\item\shop\22\2019072015521815827.jpg
2019-07-20 15:52:18.899[main]DEBUG com.demo.dao.ShopDao.updateShop - ==>  Preparing: update tb_shop SET shop_name=?, shop_desc=?, shop_addr=?, phone=?, shop_img=?, last_edit_time=?, enable_status=?, advice=?, shop_category_id=?, area_id=? where shop_id=? 
2019-07-20 15:52:18.909[main]DEBUG com.demo.dao.ShopDao.updateShop - ==> Parameters: 测试的店铺1(String), Test1(String), Test1(String), test1(String), \upload\item\shop\22\2019072015521815827.jpg(String), 2019-07-20 15:52:18.665(Timestamp), 0(Integer), 审核中(String), 1(Long), 1(Integer), 22(Long)
2019-07-20 15:52:18.911[main]DEBUG com.demo.dao.ShopDao.updateShop - <==    Updates: 1
2019-07-20 15:53:05.895[main]DEBUG com.demo.dao.ShopDao.insertShop - ==>  Preparing: insert into tb_shop (owner_id,area_id,shop_category_id,shop_name,shop_desc,shop_addr, phone,shop_img,priority,create_time,last_edit_time,enable_status,advice) values (?,?,?,?, ?,?,?,?,?,?,? ,?,?) 
2019-07-20 15:53:05.949[main]DEBUG com.demo.dao.ShopDao.insertShop - ==> Parameters: 1(Long), 1(Integer), 1(Long), 测试的店铺1(String), Test1(String), Test1(String), test1(String), null, null, 2019-07-20 15:53:05.875(Timestamp), 2019-07-20 15:53:05.875(Timestamp), 0(Integer), 审核中(String)
2019-07-20 15:53:05.952[main]DEBUG com.demo.dao.ShopDao.insertShop - <==    Updates: 1
2019-07-20 15:53:05.978[main]DEBUG com.demo.util.ImageUtil - current relativeAddr is:\upload\item\shop\23\2019072015530548077.jpg
2019-07-20 15:53:05.978[main]DEBUG com.demo.util.ImageUtil - current complete addr is:E:\project\image\\upload\item\shop\23\2019072015530548077.jpg
2019-07-20 15:53:06.583[main]DEBUG com.demo.dao.ShopDao.updateShop - ==>  Preparing: update tb_shop SET shop_name=?, shop_desc=?, shop_addr=?, phone=?, shop_img=?, last_edit_time=?, enable_status=?, advice=?, shop_category_id=?, area_id=? where shop_id=? 
2019-07-20 15:53:06.584[main]DEBUG com.demo.dao.ShopDao.updateShop - ==> Parameters: 测试的店铺1(String), Test1(String), Test1(String), test1(String), \upload\item\shop\23\2019072015530548077.jpg(String), 2019-07-20 15:53:05.875(Timestamp), 0(Integer), 审核中(String), 1(Long), 1(Integer), 23(Long)
2019-07-20 15:53:06.585[main]DEBUG com.demo.dao.ShopDao.updateShop - <==    Updates: 1
